==195898== Memcheck, a memory error detector
==195898== Copyright (C) 2002-2017, and GNU GPL'd, by Julian Seward et al.
==195898== Using Valgrind-3.18.1-42b08ed5bd-20211015 and LibVEX; rerun with -h for copyright info
==195898== Command: ./app.exe
==195898== Parent PID: 195897
==195898== 
--195898-- 
--195898-- Valgrind options:
--195898--    --leak-check=full
--195898--    --log-file=unit_execlog.out
--195898--    -v
--195898-- Contents of /proc/version:
--195898--   Linux version 6.2.0-36-generic (buildd@lcy02-amd64-050) (x86_64-linux-gnu-gcc-11 (Ubuntu 11.4.0-1ubuntu1~22.04) 11.4.0, GNU ld (GNU Binutils for Ubuntu) 2.38) #37~22.04.1-Ubuntu SMP PREEMPT_DYNAMIC Mon Oct  9 15:34:04 UTC 2
--195898-- 
--195898-- Arch and hwcaps: AMD64, LittleEndian, amd64-cx16-lzcnt-rdtscp-sse3-ssse3-avx-avx2-bmi-f16c-rdrand-rdseed
--195898-- Page sizes: currently 4096, max supported 4096
--195898-- Valgrind library directory: /usr/libexec/valgrind
--195898-- Reading syms from /home/taya/Desktop/тисд/LAB5/app.exe
--195898-- Reading syms from /usr/lib/x86_64-linux-gnu/ld-linux-x86-64.so.2
--195898--   Considering /usr/lib/debug/.build-id/97/18d3757f00d2366056830aae09698dbd35e32c.debug ..
--195898--   .. build-id is valid
--195898-- Reading syms from /usr/libexec/valgrind/memcheck-amd64-linux
--195898--    object doesn't have a symbol table
--195898--    object doesn't have a dynamic symbol table
--195898-- Scheduler: using generic scheduler lock implementation.
--195898-- Reading suppressions file: /usr/libexec/valgrind/default.supp
==195898== embedded gdbserver: reading from /tmp/vgdb-pipe-from-vgdb-to-195898-by-taya-on-???
==195898== embedded gdbserver: writing to   /tmp/vgdb-pipe-to-vgdb-from-195898-by-taya-on-???
==195898== embedded gdbserver: shared mem   /tmp/vgdb-pipe-shared-mem-vgdb-195898-by-taya-on-???
==195898== 
==195898== TO CONTROL THIS PROCESS USING vgdb (which you probably
==195898== don't want to do, unless you know exactly what you're doing,
==195898== or are doing some strange experiment):
==195898==   /usr/bin/vgdb --pid=195898 ...command...
==195898== 
==195898== TO DEBUG THIS PROCESS USING GDB: start GDB like this
==195898==   /path/to/gdb ./app.exe
==195898== and then give GDB the following command
==195898==   target remote | /usr/bin/vgdb --pid=195898
==195898== --pid is optional if only one valgrind process is running
==195898== 
--195898-- REDIR: 0x402aa40 (ld-linux-x86-64.so.2:strlen) redirected to 0x580bcec2 (???)
--195898-- REDIR: 0x402a810 (ld-linux-x86-64.so.2:index) redirected to 0x580bcedc (???)
--195898-- Reading syms from /usr/libexec/valgrind/vgpreload_core-amd64-linux.so
--195898--    object doesn't have a symbol table
--195898-- Reading syms from /usr/libexec/valgrind/vgpreload_memcheck-amd64-linux.so
--195898--    object doesn't have a symbol table
==195898== WARNING: new redirection conflicts with existing -- ignoring it
--195898--     old: 0x0402aa40 (strlen              ) R-> (0000.0) 0x580bcec2 ???
--195898--     new: 0x0402aa40 (strlen              ) R-> (2007.0) 0x0484ee30 strlen
--195898-- REDIR: 0x4027220 (ld-linux-x86-64.so.2:strcmp) redirected to 0x484fcd0 (strcmp)
--195898-- REDIR: 0x402afa0 (ld-linux-x86-64.so.2:mempcpy) redirected to 0x4853840 (mempcpy)
--195898-- Reading syms from /usr/lib/x86_64-linux-gnu/libc.so.6
--195898--   Considering /usr/lib/debug/.build-id/a4/3bfc8428df6623cd498c9c0caeb91aec9be4f9.debug ..
--195898--   .. build-id is valid
==195898== WARNING: new redirection conflicts with existing -- ignoring it
--195898--     old: 0x04913c60 (memalign            ) R-> (1011.0) 0x0484e080 memalign
--195898--     new: 0x04913c60 (memalign            ) R-> (1017.0) 0x0484e050 aligned_alloc
==195898== WARNING: new redirection conflicts with existing -- ignoring it
--195898--     old: 0x04913c60 (memalign            ) R-> (1011.0) 0x0484e080 memalign
--195898--     new: 0x04913c60 (memalign            ) R-> (1017.0) 0x0484e020 aligned_alloc
==195898== WARNING: new redirection conflicts with existing -- ignoring it
--195898--     old: 0x04913c60 (memalign            ) R-> (1011.0) 0x0484e080 memalign
--195898--     new: 0x04913c60 (memalign            ) R-> (1017.0) 0x0484e050 aligned_alloc
==195898== WARNING: new redirection conflicts with existing -- ignoring it
--195898--     old: 0x04913c60 (memalign            ) R-> (1011.0) 0x0484e080 memalign
--195898--     new: 0x04913c60 (memalign            ) R-> (1017.0) 0x0484e020 aligned_alloc
--195898-- REDIR: 0x4916720 (libc.so.6:strnlen) redirected to 0x483f220 (_vgnU_ifunc_wrapper)
--195898-- REDIR: 0x49169e0 (libc.so.6:strpbrk) redirected to 0x483f220 (_vgnU_ifunc_wrapper)
--195898-- REDIR: 0x49162e0 (libc.so.6:strcmp) redirected to 0x483f220 (_vgnU_ifunc_wrapper)
--195898-- REDIR: 0x4934cd0 (libc.so.6:wcsnlen) redirected to 0x483f220 (_vgnU_ifunc_wrapper)
--195898-- REDIR: 0x49176d0 (libc.so.6:memset) redirected to 0x483f220 (_vgnU_ifunc_wrapper)
--195898-- REDIR: 0x4933540 (libc.so.6:wcslen) redirected to 0x483f220 (_vgnU_ifunc_wrapper)
--195898-- REDIR: 0x4917c10 (libc.so.6:memcpy@@GLIBC_2.14) redirected to 0x483f220 (_vgnU_ifunc_wrapper)
--195898-- REDIR: 0x4933370 (libc.so.6:wcschr) redirected to 0x483f220 (_vgnU_ifunc_wrapper)
--195898-- REDIR: 0x4916260 (libc.so.6:index) redirected to 0x483f220 (_vgnU_ifunc_wrapper)
--195898-- REDIR: 0x4916960 (libc.so.6:rindex) redirected to 0x483f220 (_vgnU_ifunc_wrapper)
--195898-- REDIR: 0x49175a0 (libc.so.6:memmove) redirected to 0x483f220 (_vgnU_ifunc_wrapper)
==195898== Preferring higher priority redirection:
--195898--     old: 0x04a0e9c0 (__memcpy_avx_unalign) R-> (2018.0) 0x04850f90 __memcpy_avx_unaligned_erms
--195898--     new: 0x04a0e9c0 (__memcpy_avx_unalign) R-> (2018.1) 0x04852880 memmove
--195898-- REDIR: 0x49333f0 (libc.so.6:wcscmp) redirected to 0x483f220 (_vgnU_ifunc_wrapper)
--195898-- REDIR: 0x49179e0 (libc.so.6:stpncpy) redirected to 0x483f220 (_vgnU_ifunc_wrapper)
--195898-- REDIR: 0x49339b0 (libc.so.6:wmemchr) redirected to 0x483f220 (_vgnU_ifunc_wrapper)
--195898-- REDIR: 0x4916830 (libc.so.6:strncmp) redirected to 0x483f220 (_vgnU_ifunc_wrapper)
--195898-- REDIR: 0x4917a70 (libc.so.6:strcasecmp) redirected to 0x483f220 (_vgnU_ifunc_wrapper)
--195898-- REDIR: 0x4916420 (libc.so.6:strcspn) redirected to 0x483f220 (_vgnU_ifunc_wrapper)
--195898-- REDIR: 0x4933470 (libc.so.6:wcscpy) redirected to 0x483f220 (_vgnU_ifunc_wrapper)
--195898-- REDIR: 0x49161d0 (libc.so.6:strcat) redirected to 0x483f220 (_vgnU_ifunc_wrapper)
--195898-- REDIR: 0x4917b60 (libc.so.6:strncasecmp_l) redirected to 0x483f220 (_vgnU_ifunc_wrapper)
--195898-- REDIR: 0x4917480 (libc.so.6:bcmp) redirected to 0x483f220 (_vgnU_ifunc_wrapper)
--195898-- REDIR: 0x491f570 (libc.so.6:memrchr) redirected to 0x483f220 (_vgnU_ifunc_wrapper)
--195898-- REDIR: 0x4919010 (libc.so.6:strchrnul) redirected to 0x483f220 (_vgnU_ifunc_wrapper)
--195898-- REDIR: 0x4916390 (libc.so.6:strcpy) redirected to 0x483f220 (_vgnU_ifunc_wrapper)
--195898-- REDIR: 0x4917b10 (libc.so.6:strcasecmp_l) redirected to 0x483f220 (_vgnU_ifunc_wrapper)
--195898-- REDIR: 0x49166a0 (libc.so.6:strlen) redirected to 0x483f220 (_vgnU_ifunc_wrapper)
--195898-- REDIR: 0x49168d0 (libc.so.6:strncpy) redirected to 0x483f220 (_vgnU_ifunc_wrapper)
--195898-- REDIR: 0x4917950 (libc.so.6:stpcpy) redirected to 0x483f220 (_vgnU_ifunc_wrapper)
--195898-- REDIR: 0x49173f0 (libc.so.6:memchr) redirected to 0x483f220 (_vgnU_ifunc_wrapper)
--195898-- REDIR: 0x4916b00 (libc.so.6:strspn) redirected to 0x483f220 (_vgnU_ifunc_wrapper)
--195898-- REDIR: 0x49177d0 (libc.so.6:mempcpy) redirected to 0x483f220 (_vgnU_ifunc_wrapper)
--195898-- REDIR: 0x4917ac0 (libc.so.6:strncasecmp) redirected to 0x483f220 (_vgnU_ifunc_wrapper)
--195898-- REDIR: 0x4918f80 (libc.so.6:rawmemchr) redirected to 0x483f220 (_vgnU_ifunc_wrapper)
--195898-- REDIR: 0x4a0b810 (libc.so.6:__strrchr_avx2) redirected to 0x484e810 (rindex)
--195898-- REDIR: 0x4a0b600 (libc.so.6:__strchrnul_avx2) redirected to 0x4853330 (strchrnul)
--195898-- REDIR: 0x49130a0 (libc.so.6:malloc) redirected to 0x4848820 (malloc)
--195898-- REDIR: 0x4a0e980 (libc.so.6:__mempcpy_avx_unaligned_erms) redirected to 0x4853440 (mempcpy)
--195898-- REDIR: 0x4a0b9e0 (libc.so.6:__strlen_avx2) redirected to 0x484ed10 (strlen)
--195898-- REDIR: 0x4a0e9c0 (libc.so.6:__memcpy_avx_unaligned_erms) redirected to 0x4852880 (memmove)
--195898-- REDIR: 0x49133e0 (libc.so.6:free) redirected to 0x484b210 (free)
==195898== 
==195898== HEAP SUMMARY:
==195898==     in use at exit: 448 bytes in 28 blocks
==195898==   total heap usage: 27,264 allocs, 27,236 frees, 767,840 bytes allocated
==195898== 
==195898== Searching for pointers to 28 not-freed blocks
==195898== Checked 107,152 bytes
==195898== 
==195898== 16 bytes in 1 blocks are definitely lost in loss record 2 of 9
==195898==    at 0x4848899: malloc (in /usr/libexec/valgrind/vgpreload_memcheck-amd64-linux.so)
==195898==    by 0x109DEE: new_req (list.c:70)
==195898==    by 0x109A81: simulate_service (list.c:20)
==195898==    by 0x10A11B: queue_compare (list.c:144)
==195898==    by 0x10A230: measure (list.c:164)
==195898==    by 0x10A37D: main (main.c:41)
==195898== 
==195898== 32 (16 direct, 16 indirect) bytes in 1 blocks are definitely lost in loss record 3 of 9
==195898==    at 0x4848899: malloc (in /usr/libexec/valgrind/vgpreload_memcheck-amd64-linux.so)
==195898==    by 0x109DEE: new_req (list.c:70)
==195898==    by 0x109A81: simulate_service (list.c:20)
==195898==    by 0x10A11B: queue_compare (list.c:144)
==195898==    by 0x10A21F: measure (list.c:163)
==195898==    by 0x10A37D: main (main.c:41)
==195898== 
==195898== 112 (16 direct, 96 indirect) bytes in 1 blocks are definitely lost in loss record 6 of 9
==195898==    at 0x4848899: malloc (in /usr/libexec/valgrind/vgpreload_memcheck-amd64-linux.so)
==195898==    by 0x109DEE: new_req (list.c:70)
==195898==    by 0x109A81: simulate_service (list.c:20)
==195898==    by 0x10A34E: main (main.c:32)
==195898== 
==195898== 112 (16 direct, 96 indirect) bytes in 1 blocks are definitely lost in loss record 7 of 9
==195898==    at 0x4848899: malloc (in /usr/libexec/valgrind/vgpreload_memcheck-amd64-linux.so)
==195898==    by 0x109DEE: new_req (list.c:70)
==195898==    by 0x109A81: simulate_service (list.c:20)
==195898==    by 0x10A11B: queue_compare (list.c:144)
==195898==    by 0x10A36F: main (main.c:38)
==195898== 
==195898== 176 (16 direct, 160 indirect) bytes in 1 blocks are definitely lost in loss record 9 of 9
==195898==    at 0x4848899: malloc (in /usr/libexec/valgrind/vgpreload_memcheck-amd64-linux.so)
==195898==    by 0x109DEE: new_req (list.c:70)
==195898==    by 0x109A81: simulate_service (list.c:20)
==195898==    by 0x10A11B: queue_compare (list.c:144)
==195898==    by 0x10A241: measure (list.c:165)
==195898==    by 0x10A37D: main (main.c:41)
==195898== 
==195898== LEAK SUMMARY:
==195898==    definitely lost: 80 bytes in 5 blocks
==195898==    indirectly lost: 368 bytes in 23 blocks
==195898==      possibly lost: 0 bytes in 0 blocks
==195898==    still reachable: 0 bytes in 0 blocks
==195898==         suppressed: 0 bytes in 0 blocks
==195898== 
==195898== ERROR SUMMARY: 5 errors from 5 contexts (suppressed: 0 from 0)
